<?xml version="1.0" encoding="UTF-8"?>
<!-- Generated by org.testng.reporters.JUnitReportReporter -->
<testsuite hostname="Kappus-MBP.lan" failures="0" tests="6" name="api.test.DataDrivenTests" time="4.320" errors="0" timestamp="2024-04-09T17:23:53 BST" skipped="0">
  <testcase classname="api.test.DataDrivenTests" name="testPostUser" time="1.815"/>
  <testcase classname="api.test.DataDrivenTests" name="testPostUser" time="0.553"/>
  <testcase classname="api.test.DataDrivenTests" name="testPostUser" time="0.451"/>
  <testcase classname="api.test.DataDrivenTests" name="deleteUserbyName" time="0.564"/>
  <testcase classname="api.test.DataDrivenTests" name="deleteUserbyName" time="0.495"/>
  <testcase classname="api.test.DataDrivenTests" name="deleteUserbyName" time="0.442"/>
</testsuite> <!-- api.test.DataDrivenTests -->
