<?xml version="1.0" encoding="UTF-8"?>
<!-- Generated by org.testng.reporters.JUnitReportReporter -->
<testsuite hostname="Kappus-MBP.lan" failures="0" tests="4" name="api.test.UserTests" time="3.635" errors="0" timestamp="2024-04-22T19:46:02 BST" skipped="0">
  <testcase classname="api.test.UserTests" name="testPostUser" time="1.656"/>
  <system-out/>
  <testcase classname="api.test.UserTests" name="testGetUser" time="0.502"/>
  <system-out/>
  <testcase classname="api.test.UserTests" name="testPutUser" time="0.983"/>
  <system-out/>
  <testcase classname="api.test.UserTests" name="testDeleteUser" time="0.494"/>
  <system-out/>
</testsuite> <!-- api.test.UserTests -->
