<?xml version="1.0" encoding="UTF-8"?>
<!-- Generated by org.testng.reporters.JUnitReportReporter -->
<testsuite hostname="Kappus-MBP.lan" failures="0" tests="4" name="api.test.UserTests" time="3.555" errors="0" timestamp="2024-04-09T18:09:13 BST" skipped="0">
  <testcase classname="api.test.UserTests" name="testPostUser" time="1.542"/>
  <system-out/>
  <testcase classname="api.test.UserTests" name="testGetUser" time="0.535"/>
  <system-out/>
  <testcase classname="api.test.UserTests" name="testPutUser" time="0.897"/>
  <system-out/>
  <testcase classname="api.test.UserTests" name="testDeleteUser" time="0.581"/>
  <system-out/>
</testsuite> <!-- api.test.UserTests -->
