<?xml version="1.0" encoding="UTF-8"?>
<!-- Generated by org.testng.reporters.JUnitReportReporter -->
<testsuite hostname="Kappus-MBP.lan" failures="0" tests="4" name="api.test.UserTests" time="4.418" errors="0" timestamp="2024-04-10T21:10:50 BST" skipped="0">
  <testcase classname="api.test.UserTests" name="testPostUser" time="2.383"/>
  <system-out/>
  <testcase classname="api.test.UserTests" name="testGetUser" time="0.527"/>
  <system-out/>
  <testcase classname="api.test.UserTests" name="testPutUser" time="1.018"/>
  <system-out/>
  <testcase classname="api.test.UserTests" name="testDeleteUser" time="0.490"/>
  <system-out/>
</testsuite> <!-- api.test.UserTests -->
