<?xml version="1.0" encoding="UTF-8"?>
<!-- Generated by org.testng.reporters.JUnitReportReporter -->
<testsuite hostname="Kappus-MBP.lan" failures="0" tests="3" name="api.test.PetTest" time="2.576" errors="0" timestamp="2024-04-23T10:31:27 BST" skipped="0">
  <testcase classname="api.test.PetTest" name="testPostPet" time="1.564"/>
  <system-out/>
  <testcase classname="api.test.PetTest" name="testGetPetbyName" time="0.522"/>
  <system-out/>
  <testcase classname="api.test.PetTest" name="testdeletePet" time="0.490"/>
  <system-out/>
</testsuite> <!-- api.test.PetTest -->
