<?xml version="1.0" encoding="UTF-8"?>
<!-- Generated by org.testng.reporters.JUnitReportReporter -->
<testsuite hostname="Kappus-MBP.lan" failures="0" tests="6" name="api.test.DataDrivenTests" time="2.886" errors="0" timestamp="2024-04-10T11:03:24 BST" skipped="0">
  <testcase classname="api.test.DataDrivenTests" name="testPostUser" time="0.444"/>
  <system-out/>
  <testcase classname="api.test.DataDrivenTests" name="testPostUser" time="0.555"/>
  <system-out/>
  <testcase classname="api.test.DataDrivenTests" name="testPostUser" time="0.440"/>
  <system-out/>
  <testcase classname="api.test.DataDrivenTests" name="deleteUserbyName" time="0.490"/>
  <system-out/>
  <testcase classname="api.test.DataDrivenTests" name="deleteUserbyName" time="0.530"/>
  <system-out/>
  <testcase classname="api.test.DataDrivenTests" name="deleteUserbyName" time="0.427"/>
  <system-out/>
</testsuite> <!-- api.test.DataDrivenTests -->
