<?xml version="1.0" encoding="UTF-8"?>
<!-- Generated by org.testng.reporters.JUnitReportReporter -->
<testsuite hostname="Kappus-MBP.lan" failures="0" tests="3" name="api.test.PetTest" time="3.090" errors="0" timestamp="2024-04-23T14:31:04 BST" skipped="0">
  <testcase classname="api.test.PetTest" name="testPostPet" time="2.089"/>
  <system-out/>
  <testcase classname="api.test.PetTest" name="testGetPetbyName" time="0.565"/>
  <system-out/>
  <testcase classname="api.test.PetTest" name="testdeletePet" time="0.436"/>
  <system-out/>
</testsuite> <!-- api.test.PetTest -->
